<?xml version="1.0" encoding="UTF-8"?>
<!-- Generated by org.testng.reporters.JUnitReportReporter -->
<testsuite hostname="DESKTOP-LLLGMOJ" failures="0" tests="3" name="day9.advancetestng.DataProviderExample" time="31.474" errors="0" timestamp="2024-06-06T08:23:31 IST" skipped="0">
  <testcase classname="day9.advancetestng.DataProviderExample" name="testLoginOfVtiger" time="9.771"/>
  <testcase classname="day9.advancetestng.DataProviderExample" name="testLoginOfVtiger" time="11.454"/>
  <testcase classname="day9.advancetestng.DataProviderExample" name="testLoginOfVtiger" time="10.249"/>
</testsuite> <!-- day9.advancetestng.DataProviderExample -->
