<?xml version="1.0" encoding="UTF-8"?>
<!-- Generated by org.testng.reporters.JUnitReportReporter -->
<testsuite hostname="DESKTOP-LLLGMOJ" failures="0" tests="2" name="day11.actitimescripts.TestLoginPage" time="34.496" errors="0" timestamp="2024-06-10T09:22:57 IST" skipped="0">
  <testcase classname="day11.actitimescripts.TestLoginPage" name="testLoginLogoutWithValidData" time="16.338"/>
  <testcase classname="day11.actitimescripts.TestLoginPage" name="testLoginWithValidData" time="18.158"/>
</testsuite> <!-- day11.actitimescripts.TestLoginPage -->
