<?xml version="1.0" encoding="UTF-8"?>
<!-- Generated by org.testng.reporters.JUnitReportReporter -->
<testsuite hostname="DESKTOP-LLLGMOJ" failures="0" tests="4" name="day9.advancetestng.GroupExamples2" time="0.034" errors="0" timestamp="2024-06-06T08:09:30 IST" skipped="0">
  <testcase classname="day9.advancetestng.GroupExamples2" name="testPIM" time="0.005"/>
  <testcase classname="day9.advancetestng.GroupExamples2" name="testLogin" time="0.011"/>
  <testcase classname="day9.advancetestng.GroupExamples2" name="testTask" time="0.009"/>
  <testcase classname="day9.advancetestng.GroupExamples2" name="testLeads" time="0.009"/>
</testsuite> <!-- day9.advancetestng.GroupExamples2 -->
