<?xml version="1.0" encoding="UTF-8"?>
<!-- Generated by org.testng.reporters.JUnitReportReporter -->
<testsuite hostname="DESKTOP-LLLGMOJ" failures="0" tests="1" name="day10.exdentreport.ActitimeLoginValidation" time="16.356" errors="0" timestamp="2024-06-07T08:23:46 IST" skipped="0">
  <testcase classname="day10.exdentreport.ActitimeLoginValidation" name="testActitimeLogin" time="16.356"/>
</testsuite> <!-- day10.exdentreport.ActitimeLoginValidation -->
