<?xml version="1.0" encoding="UTF-8"?>
<!-- Generated by org.testng.reporters.JUnitReportReporter -->
<testsuite hostname="DESKTOP-LLLGMOJ" failures="0" tests="2" name="day9.advancetestng.ParallelExecutionTest" time="19.673" errors="0" timestamp="2024-06-06T08:37:01 IST" skipped="0">
  <testcase classname="day9.advancetestng.ParallelExecutionTest" name="testLoginOfVtiger" time="9.368"/>
  <testcase classname="day9.advancetestng.ParallelExecutionTest" name="testLoginOfVtiger" time="10.305"/>
</testsuite> <!-- day9.advancetestng.ParallelExecutionTest -->
