<?xml version="1.0" encoding="UTF-8"?>
<!-- Generated by org.testng.reporters.JUnitReportReporter -->
<testsuite hostname="DESKTOP-LLLGMOJ" failures="0" tests="1" name="day10.ddt.ExcelReading" time="0.992" errors="0" timestamp="2024-06-07T09:13:54 IST" skipped="0">
  <testcase classname="day10.ddt.ExcelReading" name="updateExcel" time="0.992"/>
</testsuite> <!-- day10.ddt.ExcelReading -->
