<?xml version="1.0" encoding="UTF-8"?>
<!-- Generated by org.testng.reporters.JUnitReportReporter -->
<testsuite hostname="DESKTOP-LLLGMOJ" failures="0" tests="1" name="day9.advancetestng.IncludeAndExcludeTestMethods" time="0.016" errors="0" timestamp="2024-06-06T08:12:25 IST" skipped="0">
  <testcase classname="day9.advancetestng.IncludeAndExcludeTestMethods" name="addDepartmentTestCase" time="0.016"/>
</testsuite> <!-- day9.advancetestng.IncludeAndExcludeTestMethods -->
