<?xml version="1.0" encoding="UTF-8"?>
<!-- Generated by org.testng.reporters.JUnitReportReporter -->
<testsuite hostname="DESKTOP-LLLGMOJ" failures="0" tests="3" name="day9.advancetestng.DataProviderExample2" time="38.916" errors="0" timestamp="2024-06-06T08:29:35 IST" skipped="0">
  <testcase classname="day9.advancetestng.DataProviderExample2" name="testGoogleSearch" time="22.203"/>
  <testcase classname="day9.advancetestng.DataProviderExample2" name="testGoogleSearch" time="9.143"/>
  <testcase classname="day9.advancetestng.DataProviderExample2" name="testGoogleSearch" time="7.570"/>
</testsuite> <!-- day9.advancetestng.DataProviderExample2 -->
