<?xml version="1.0" encoding="UTF-8"?>
<!-- Generated by org.testng.reporters.JUnitReportReporter -->
<testsuite hostname="DESKTOP-LLLGMOJ" failures="0" tests="4" name="day9.advancetestng.Parameterization" time="11.253" errors="0" timestamp="2024-06-06T08:15:53 IST" skipped="0">
  <testcase classname="day9.advancetestng.Parameterization" name="testLoginOfVtiger" time="11.223"/>
  <testcase classname="day9.advancetestng.Parameterization" name="testCaseThree" time="0.003"/>
  <testcase classname="day9.advancetestng.Parameterization" name="testCaseOne" time="0.024"/>
  <testcase classname="day9.advancetestng.Parameterization" name="testCaseTwo" time="0.003"/>
</testsuite> <!-- day9.advancetestng.Parameterization -->
