<?xml version="1.0" encoding="UTF-8"?>
<!-- Generated by org.testng.reporters.JUnitReportReporter -->
<testsuite hostname="DESKTOP-LLLGMOJ" failures="0" tests="1" name="day10.exdentreport.ExtentDemo" time="5.317" errors="0" timestamp="2024-06-07T08:27:55 IST" skipped="0">
  <testcase classname="day10.exdentreport.ExtentDemo" name="extentReportsDemo" time="5.317"/>
</testsuite> <!-- day10.exdentreport.ExtentDemo -->
