<?xml version="1.0" encoding="UTF-8"?>
<!-- Generated by org.testng.reporters.JUnitReportReporter -->
<testsuite hostname="DESKTOP-LLLGMOJ" failures="0" tests="1" name="day8.testngexamples.Example1" time="0.001" errors="0" timestamp="2024-06-03T19:54:16 IST" skipped="0">
  <testcase classname="day8.testngexamples.Example1" name="testCase1" time="0.001"/>
</testsuite> <!-- day8.testngexamples.Example1 -->
