<?xml version="1.0" encoding="UTF-8"?>
<!-- Generated by org.testng.reporters.JUnitReportReporter -->
<testsuite hostname="DESKTOP-LLLGMOJ" failures="0" tests="2" name="day8.testngexamples.Example5" time="0.029" errors="0" timestamp="2024-06-03T20:02:01 IST" skipped="0">
  <testcase classname="day8.testngexamples.Example5" name="testActitime" time="0.013"/>
  <testcase classname="day8.testngexamples.Example5" name="testOrangeHrm" time="0.016"/>
</testsuite> <!-- day8.testngexamples.Example5 -->
