<?xml version="1.0" encoding="UTF-8"?>
<!-- Generated by org.testng.reporters.JUnitReportReporter -->
<testsuite hostname="DESKTOP-LLLGMOJ" failures="0" tests="2" name="day8.testngexamples.OrangeHrmTest" time="15.211" errors="0" timestamp="2024-06-06T08:37:01 IST" skipped="0">
  <testcase classname="day8.testngexamples.OrangeHrmTest" name="testLoginWithAssert2" time="7.474"/>
  <testcase classname="day8.testngexamples.OrangeHrmTest" name="testLoginWithAssert3" time="7.737"/>
</testsuite> <!-- day8.testngexamples.OrangeHrmTest -->
