<?xml version="1.0" encoding="UTF-8"?>
<!-- Generated by org.testng.reporters.JUnitReportReporter -->
<testsuite hostname="DESKTOP-LLLGMOJ" failures="0" tests="4" name="day9.advancetestng.GroupExamples" time="0.048" errors="0" timestamp="2024-06-06T08:09:30 IST" skipped="0">
  <testcase classname="day9.advancetestng.GroupExamples" name="testCaseFive" time="0.011"/>
  <testcase classname="day9.advancetestng.GroupExamples" name="testCaseFour" time="0.009"/>
  <testcase classname="day9.advancetestng.GroupExamples" name="testCaseOne" time="0.023"/>
  <testcase classname="day9.advancetestng.GroupExamples" name="testCaseThree" time="0.005"/>
</testsuite> <!-- day9.advancetestng.GroupExamples -->
