<?xml version="1.0" encoding="UTF-8"?>
<!-- Generated by org.testng.reporters.JUnitReportReporter -->
<testsuite hostname="DESKTOP-LLLGMOJ" failures="0" tests="2" name="day12.testscripts.TestOrangeHrmPim" time="54.540" errors="0" timestamp="2024-06-11T08:47:41 IST" skipped="0">
  <testcase classname="day12.testscripts.TestOrangeHrmPim" name="testPimCreation" time="27.044"/>
  <testcase classname="day12.testscripts.TestOrangeHrmPim" name="testPimDeletion" time="27.496"/>
</testsuite> <!-- day12.testscripts.TestOrangeHrmPim -->
